{"/Users/alexey/Documents/dev/hexlet/frontend-project-46/gendiff.js": {"path":"/Users/alexey/Documents/dev/hexlet/frontend-project-46/gendiff.js","statementMap":{"0":{"start":{"line":6,"column":20},"end":{"line":13,"column":1}},"1":{"start":{"line":8,"column":27},"end":{"line":8,"column":40}},"2":{"start":{"line":9,"column":23},"end":{"line":9,"column":79}},"3":{"start":{"line":12,"column":2},"end":{"line":12,"column":60}},"4":{"start":{"line":20,"column":27},"end":{"line":28,"column":1}},"5":{"start":{"line":21,"column":21},"end":{"line":25,"column":24}},"6":{"start":{"line":27,"column":2},"end":{"line":27,"column":20}},"7":{"start":{"line":30,"column":16},"end":{"line":59,"column":1}},"8":{"start":{"line":31,"column":17},"end":{"line":31,"column":19}},"9":{"start":{"line":32,"column":16},"end":{"line":32,"column":38}},"10":{"start":{"line":33,"column":16},"end":{"line":33,"column":38}},"11":{"start":{"line":36,"column":16},"end":{"line":36,"column":39}},"12":{"start":{"line":37,"column":16},"end":{"line":37,"column":39}},"13":{"start":{"line":39,"column":2},"end":{"line":50,"column":3}},"14":{"start":{"line":40,"column":4},"end":{"line":49,"column":5}},"15":{"start":{"line":41,"column":6},"end":{"line":46,"column":7}},"16":{"start":{"line":42,"column":8},"end":{"line":42,"column":50}},"17":{"start":{"line":44,"column":8},"end":{"line":44,"column":50}},"18":{"start":{"line":45,"column":8},"end":{"line":45,"column":50}},"19":{"start":{"line":48,"column":6},"end":{"line":48,"column":48}},"20":{"start":{"line":52,"column":2},"end":{"line":56,"column":3}},"21":{"start":{"line":53,"column":4},"end":{"line":55,"column":5}},"22":{"start":{"line":54,"column":6},"end":{"line":54,"column":48}},"23":{"start":{"line":58,"column":2},"end":{"line":58,"column":36}}},"fnMap":{"0":{"name":"(anonymous_0)","decl":{"start":{"line":6,"column":20},"end":{"line":6,"column":21}},"loc":{"start":{"line":6,"column":34},"end":{"line":13,"column":1}},"line":6},"1":{"name":"(anonymous_1)","decl":{"start":{"line":20,"column":27},"end":{"line":20,"column":28}},"loc":{"start":{"line":20,"column":37},"end":{"line":28,"column":1}},"line":20},"2":{"name":"(anonymous_2)","decl":{"start":{"line":30,"column":16},"end":{"line":30,"column":17}},"loc":{"start":{"line":30,"column":42},"end":{"line":59,"column":1}},"line":30}},"branchMap":{"0":{"loc":{"start":{"line":40,"column":4},"end":{"line":49,"column":5}},"type":"if","locations":[{"start":{"line":40,"column":4},"end":{"line":49,"column":5}},{"start":{"line":47,"column":11},"end":{"line":49,"column":5}}],"line":40},"1":{"loc":{"start":{"line":41,"column":6},"end":{"line":46,"column":7}},"type":"if","locations":[{"start":{"line":41,"column":6},"end":{"line":46,"column":7}},{"start":{"line":43,"column":13},"end":{"line":46,"column":7}}],"line":41},"2":{"loc":{"start":{"line":53,"column":4},"end":{"line":55,"column":5}},"type":"if","locations":[{"start":{"line":53,"column":4},"end":{"line":55,"column":5}},{"start":{},"end":{}}],"line":53}},"s":{"0":1,"1":2,"2":2,"3":2,"4":1,"5":1,"6":1,"7":1,"8":1,"9":1,"10":1,"11":1,"12":1,"13":1,"14":4,"15":2,"16":1,"17":1,"18":1,"19":2,"20":1,"21":3,"22":1,"23":1},"f":{"0":2,"1":1,"2":1},"b":{"0":[2,2],"1":[1,1],"2":[1,2]},"_coverageSchema":"1a1c01bbd47fc00a2c39e90264f33305004495a9","hash":"3d0d624fa6bf6265f2b606f5a78fb68d132d6873"}
,"/Users/alexey/Documents/dev/hexlet/frontend-project-46/testData.js": {"path":"/Users/alexey/Documents/dev/hexlet/frontend-project-46/testData.js","statementMap":{"0":{"start":{"line":6,"column":17},"end":{"line":13,"column":1}},"1":{"start":{"line":7,"column":21},"end":{"line":7,"column":51}},"2":{"start":{"line":8,"column":20},"end":{"line":8,"column":44}},"3":{"start":{"line":9,"column":25},"end":{"line":9,"column":77}},"4":{"start":{"line":9,"column":31},"end":{"line":9,"column":77}},"5":{"start":{"line":10,"column":17},"end":{"line":10,"column":67}},"6":{"start":{"line":12,"column":2},"end":{"line":12,"column":16}}},"fnMap":{"0":{"name":"(anonymous_0)","decl":{"start":{"line":6,"column":17},"end":{"line":6,"column":18}},"loc":{"start":{"line":6,"column":31},"end":{"line":13,"column":1}},"line":6},"1":{"name":"(anonymous_1)","decl":{"start":{"line":9,"column":25},"end":{"line":9,"column":26}},"loc":{"start":{"line":9,"column":31},"end":{"line":9,"column":77}},"line":9}},"branchMap":{},"s":{"0":1,"1":1,"2":1,"3":1,"4":1,"5":1,"6":1},"f":{"0":1,"1":1},"b":{},"_coverageSchema":"1a1c01bbd47fc00a2c39e90264f33305004495a9","hash":"0efa5c1a4616c595fc780704298ead1fc45e46ad"}
}
