{"/Users/alexey/Documents/dev/hexlet/frontend-project-46/gendiff.js": {"path":"/Users/alexey/Documents/dev/hexlet/frontend-project-46/gendiff.js","statementMap":{"0":{"start":{"line":7,"column":20},"end":{"line":14,"column":1}},"1":{"start":{"line":9,"column":27},"end":{"line":9,"column":40}},"2":{"start":{"line":10,"column":23},"end":{"line":10,"column":63}},"3":{"start":{"line":13,"column":2},"end":{"line":13,"column":60}},"4":{"start":{"line":16,"column":16},"end":{"line":51,"column":1}},"5":{"start":{"line":17,"column":17},"end":{"line":17,"column":19}},"6":{"start":{"line":18,"column":16},"end":{"line":18,"column":38}},"7":{"start":{"line":19,"column":16},"end":{"line":19,"column":38}},"8":{"start":{"line":22,"column":16},"end":{"line":22,"column":39}},"9":{"start":{"line":23,"column":16},"end":{"line":23,"column":39}},"10":{"start":{"line":25,"column":2},"end":{"line":36,"column":3}},"11":{"start":{"line":26,"column":4},"end":{"line":35,"column":5}},"12":{"start":{"line":27,"column":6},"end":{"line":32,"column":7}},"13":{"start":{"line":28,"column":8},"end":{"line":28,"column":50}},"14":{"start":{"line":30,"column":8},"end":{"line":30,"column":50}},"15":{"start":{"line":31,"column":8},"end":{"line":31,"column":50}},"16":{"start":{"line":34,"column":6},"end":{"line":34,"column":48}},"17":{"start":{"line":38,"column":2},"end":{"line":42,"column":3}},"18":{"start":{"line":39,"column":4},"end":{"line":41,"column":5}},"19":{"start":{"line":40,"column":6},"end":{"line":40,"column":48}},"20":{"start":{"line":44,"column":21},"end":{"line":48,"column":24}},"21":{"start":{"line":50,"column":2},"end":{"line":50,"column":20}}},"fnMap":{"0":{"name":"(anonymous_0)","decl":{"start":{"line":7,"column":20},"end":{"line":7,"column":21}},"loc":{"start":{"line":7,"column":34},"end":{"line":14,"column":1}},"line":7},"1":{"name":"(anonymous_1)","decl":{"start":{"line":16,"column":16},"end":{"line":16,"column":17}},"loc":{"start":{"line":16,"column":42},"end":{"line":51,"column":1}},"line":16}},"branchMap":{"0":{"loc":{"start":{"line":26,"column":4},"end":{"line":35,"column":5}},"type":"if","locations":[{"start":{"line":26,"column":4},"end":{"line":35,"column":5}},{"start":{"line":33,"column":11},"end":{"line":35,"column":5}}],"line":26},"1":{"loc":{"start":{"line":27,"column":6},"end":{"line":32,"column":7}},"type":"if","locations":[{"start":{"line":27,"column":6},"end":{"line":32,"column":7}},{"start":{"line":29,"column":13},"end":{"line":32,"column":7}}],"line":27},"2":{"loc":{"start":{"line":39,"column":4},"end":{"line":41,"column":5}},"type":"if","locations":[{"start":{"line":39,"column":4},"end":{"line":41,"column":5}},{"start":{},"end":{}}],"line":39}},"s":{"0":1,"1":2,"2":2,"3":2,"4":1,"5":1,"6":1,"7":1,"8":1,"9":1,"10":1,"11":4,"12":2,"13":1,"14":1,"15":1,"16":2,"17":1,"18":3,"19":1,"20":1,"21":1},"f":{"0":2,"1":1},"b":{"0":[2,2],"1":[1,1],"2":[1,2]},"_coverageSchema":"1a1c01bbd47fc00a2c39e90264f33305004495a9","hash":"63ad7930c4d79ae3e18fd93f02d091c67ebaa279"}
}
