TN:
SF:gendiff.js
FN:6,(anonymous_0)
FN:20,(anonymous_1)
FN:30,(anonymous_2)
FNF:3
FNH:3
FNDA:2,(anonymous_0)
FNDA:1,(anonymous_1)
FNDA:1,(anonymous_2)
DA:6,1
DA:8,2
DA:9,2
DA:12,2
DA:20,1
DA:21,1
DA:27,1
DA:30,1
DA:31,1
DA:32,1
DA:33,1
DA:36,1
DA:37,1
DA:39,1
DA:40,4
DA:41,2
DA:42,1
DA:44,1
DA:45,1
DA:48,2
DA:52,1
DA:53,3
DA:54,1
DA:58,1
LF:24
LH:24
BRDA:40,0,0,2
BRDA:40,0,1,2
BRDA:41,1,0,1
BRDA:41,1,1,1
BRDA:53,2,0,1
BRDA:53,2,1,2
BRF:6
BRH:6
end_of_record
TN:
SF:testData.js
FN:6,(anonymous_0)
FN:9,(anonymous_1)
FNF:2
FNH:2
FNDA:1,(anonymous_0)
FNDA:1,(anonymous_1)
DA:6,1
DA:7,1
DA:8,1
DA:9,1
DA:10,1
DA:12,1
LF:6
LH:6
BRF:0
BRH:0
end_of_record
